<?xml version="1.0" encoding="UTF-8"?>
<!-- Generated by org.testng.reporters.JUnitReportReporter -->
<testsuite hostname="HP" failures="0" tests="1" name="io.TestPackage.A" time="0.027" errors="0" timestamp="2022-03-26T11:03:10 IST" skipped="0">
  <testcase classname="io.TestPackage.A" name="a" time="0.027"/>
  <system-out/>
</testsuite> <!-- io.TestPackage.A -->
